----****SNORLAX VS NEUTREL1****----
SNORLAX abilitate 1  / NEUTREL1 atac normal  -> Rezultat: 
a. SNORLAX HP 63  abilitatea 1 cooldown 4
b. NEUTREL1 HP 6 
SNORLAX abilitate 2 / NEUTREL1 atac normal  -> Rezultat: 
a. SNORLAX HP 63 (dodge)   abilitatea 1 cooldown 3 abilitatea 2 cooldown 4
b. NEUTREL1 HP 6 
SNORLAX  atac normal  / NEUTREL1 atac normal  -> Rezultat: 
a. SNORLAX HP 60  abilitatea 1 cooldown 2 abilitatea 2 cooldown 3
b. NEUTREL1 HP 2 
SNORLAX  atac normal  / NEUTREL1 atac normal  -> Rezultat: 
a. SNORLAX HP 57  abilitatea 1 cooldown 1 abilitatea 2 cooldown 2
b. NEUTREL1 HP -2 
POKEMON 1: SNORLAX WON
WINNER : Doomer WON
----****EEVEE VS NEUTREL1****----
EEVEE  atac special  / NEUTREL1 atac normal  -> Rezultat: 
a. EEVEE HP 46 
b. NEUTREL1 HP 7 
EEVEE  atac special  / NEUTREL1 atac normal  -> Rezultat: 
a. EEVEE HP 43 
b. NEUTREL1 HP 4 
EEVEE  atac special  / NEUTREL1 atac normal  -> Rezultat: 
a. EEVEE HP 41 
b. NEUTREL1 HP 1 
EEVEE  atac special  / NEUTREL1 atac normal  -> Rezultat: 
a. EEVEE HP 39 
b. NEUTREL1 HP -2 
POKEMON 1: EEVEE WON
WINNER : Soyboy WON
----****SNORLAX VS NEUTREL2****----
SNORLAX abilitate 1  / NEUTREL2 atac normal  -> Rezultat: 
a. SNORLAX HP 64  abilitatea 1 cooldown 4
b. NEUTREL2 HP 16 
SNORLAX  atac normal  / NEUTREL2 atac normal  -> Rezultat: 
a. SNORLAX HP 61  abilitatea 1 cooldown 3
b. NEUTREL2 HP 11 
SNORLAX  atac normal  / NEUTREL2 atac normal  -> Rezultat: 
a. SNORLAX HP 58  abilitatea 1 cooldown 2
b. NEUTREL2 HP 6 
SNORLAX  atac normal  / NEUTREL2 atac normal  -> Rezultat: 
a. SNORLAX HP 55  abilitatea 1 cooldown 1
b. NEUTREL2 HP 1 
SNORLAX abilitate 2 / NEUTREL2 atac normal  -> Rezultat: 
a. SNORLAX HP 55 (dodge)   abilitatea 2 cooldown 4
b. NEUTREL2 HP 1 
SNORLAX abilitate 1  / NEUTREL2 atac normal  -> Rezultat: 
a. SNORLAX HP 54  abilitatea 1 cooldown 4 abilitatea 2 cooldown 3
b. NEUTREL2 HP -3 
POKEMON 1: SNORLAX WON
WINNER : Doomer WON
----****EEVEE VS NEUTREL2****----
EEVEE  atac special  / NEUTREL2 atac normal  -> Rezultat: 
a. EEVEE HP 47 
b. NEUTREL2 HP 16 
EEVEE abilitate 1  / NEUTREL2 atac normal  -> Rezultat: 
a. EEVEE HP 44  abilitatea 1 cooldown 2
b. NEUTREL2 HP 11 
EEVEE  atac special  / NEUTREL2 atac normal  -> Rezultat: 
a. EEVEE HP 41  abilitatea 1 cooldown 1
b. NEUTREL2 HP 7 
EEVEE  atac special  / NEUTREL2 atac normal  -> Rezultat: 
a. EEVEE HP 38 
b. NEUTREL2 HP 3 
EEVEE  atac special  / NEUTREL2 atac normal  -> Rezultat: 
a. EEVEE HP 35 
b. NEUTREL2 HP -1 
POKEMON 1: EEVEE WON
WINNER : Soyboy WON
----****SNORLAX VS NEUTREL2****----
SNORLAX abilitate 1  / NEUTREL2 atac normal  -> Rezultat: 
a. SNORLAX HP 62  abilitatea 1 cooldown 4
b. NEUTREL2 HP 16 
SNORLAX abilitate 2 / NEUTREL2 atac normal  -> Rezultat: 
a. SNORLAX HP 62 (dodge)   abilitatea 1 cooldown 3 abilitatea 2 cooldown 4
b. NEUTREL2 HP 16 
SNORLAX  atac normal  / NEUTREL2 atac normal  -> Rezultat: 
a. SNORLAX HP 58  abilitatea 1 cooldown 2 abilitatea 2 cooldown 3
b. NEUTREL2 HP 10 
SNORLAX  atac normal  / NEUTREL2 atac normal  -> Rezultat: 
a. SNORLAX HP 54  abilitatea 1 cooldown 1 abilitatea 2 cooldown 2
b. NEUTREL2 HP 4 
SNORLAX  atac normal  / NEUTREL2 atac normal  -> Rezultat: 
a. SNORLAX HP 52  abilitatea 2 cooldown 1
b. NEUTREL2 HP -2 
POKEMON 1: SNORLAX WON
WINNER : Doomer WON
----****EEVEE VS NEUTREL2****----
EEVEE  atac special  / NEUTREL2 atac normal  -> Rezultat: 
a. EEVEE HP 48 
b. NEUTREL2 HP 15 
EEVEE abilitate 1  / NEUTREL2 atac normal  -> Rezultat: 
a. EEVEE HP 45  abilitatea 1 cooldown 2
b. NEUTREL2 HP 10 
EEVEE  atac special  / NEUTREL2 atac normal  -> Rezultat: 
a. EEVEE HP 42  abilitatea 1 cooldown 1
b. NEUTREL2 HP 5 
EEVEE  atac special  / NEUTREL2 atac normal  -> Rezultat: 
a. EEVEE HP 38 
b. NEUTREL2 HP 0 
POKEMON 1: EEVEE WON
WINNER : Soyboy WON
----****SNORLAX VS NEUTREL1****----
SNORLAX abilitate 1  / NEUTREL1 atac normal  -> Rezultat: 
a. SNORLAX HP 63  abilitatea 1 cooldown 4
b. NEUTREL1 HP 6 
SNORLAX  atac normal  / NEUTREL1 atac normal  -> Rezultat: 
a. SNORLAX HP 57  abilitatea 1 cooldown 3
b. NEUTREL1 HP -1 
POKEMON 1: SNORLAX WON
WINNER : Doomer WON
----****EEVEE VS NEUTREL1****----
EEVEE abilitate 1  / NEUTREL1 atac normal  -> Rezultat: 
a. EEVEE HP 46  abilitatea 1 cooldown 2
b. NEUTREL1 HP 5 
EEVEE  atac special  / NEUTREL1 atac normal  -> Rezultat: 
a. EEVEE HP 40  abilitatea 1 cooldown 1
b. NEUTREL1 HP -1 
POKEMON 1: EEVEE WON
WINNER : Soyboy WON
----****SNORLAX VS NEUTREL1****----
SNORLAX  atac normal  / NEUTREL1 atac normal  -> Rezultat: 
a. SNORLAX HP 61 
b. NEUTREL1 HP 2 
SNORLAX abilitate 1  / NEUTREL1 atac normal  -> Rezultat: 
a. SNORLAX HP 56  abilitatea 1 cooldown 4
b. NEUTREL1 HP -2 
POKEMON 1: SNORLAX WON
WINNER : Doomer WON
----****EEVEE VS NEUTREL1****----
EEVEE abilitate 1  / NEUTREL1 atac normal  -> Rezultat: 
a. EEVEE HP 47  abilitatea 1 cooldown 2
b. NEUTREL1 HP 5 
EEVEE  atac special  / NEUTREL1 atac normal  -> Rezultat: 
a. EEVEE HP 41  abilitatea 1 cooldown 1
b. NEUTREL1 HP -2 
POKEMON 1: EEVEE WON
WINNER : Soyboy WON
----****SNORLAX VS NEUTREL1****----
SNORLAX abilitate 1  / NEUTREL1 atac normal  -> Rezultat: 
a. SNORLAX HP 61  abilitatea 1 cooldown 4
b. NEUTREL1 HP 6 
SNORLAX  atac normal  / NEUTREL1 atac normal  -> Rezultat: 
a. SNORLAX HP 53  abilitatea 1 cooldown 3
b. NEUTREL1 HP -3 
POKEMON 1: SNORLAX WON
WINNER : Doomer WON
----****EEVEE VS NEUTREL1****----
EEVEE  atac special  / NEUTREL1 atac normal  -> Rezultat: 
a. EEVEE HP 47 
b. NEUTREL1 HP 2 
EEVEE abilitate 1  / NEUTREL1 atac normal  -> Rezultat: 
a. EEVEE HP 40  abilitatea 1 cooldown 2
b. NEUTREL1 HP -3 
POKEMON 1: EEVEE WON
WINNER : Soyboy WON
----****SNORLAX VS NEUTREL2****----
SNORLAX abilitate 2 / NEUTREL2 atac normal  -> Rezultat: 
a. SNORLAX HP 70 (dodge)   abilitatea 2 cooldown 4
b. NEUTREL2 HP 20 
SNORLAX abilitate 1  / NEUTREL2 atac normal  -> Rezultat: 
a. SNORLAX HP 64  abilitatea 1 cooldown 4 abilitatea 2 cooldown 3
b. NEUTREL2 HP 16 
SNORLAX  atac normal  / NEUTREL2 atac normal  -> Rezultat: 
a. SNORLAX HP 58  abilitatea 1 cooldown 3 abilitatea 2 cooldown 2
b. NEUTREL2 HP 6 
SNORLAX  atac normal  / NEUTREL2 atac normal  -> Rezultat: 
a. SNORLAX HP 50  abilitatea 1 cooldown 2 abilitatea 2 cooldown 1
b. NEUTREL2 HP -4 
POKEMON 1: SNORLAX WON
WINNER : Doomer WON
----****EEVEE VS NEUTREL2****----
EEVEE abilitate 2 / NEUTREL2 atac normal  -> Rezultat: 
a. EEVEE HP 48  abilitatea 2 cooldown 2
b. NEUTREL2 HP 17 
EEVEE  atac special  / NEUTREL2 atac normal  -> Rezultat: 
a. EEVEE HP 40  abilitatea 2 cooldown 1
b. NEUTREL2 HP 8 
EEVEE  atac special  / NEUTREL2 atac normal  -> Rezultat: 
a. EEVEE HP 32 
b. NEUTREL2 HP -1 
POKEMON 1: EEVEE WON
WINNER : Soyboy WON
----****SNORLAX VS NEUTREL2****----
SNORLAX  atac normal  / NEUTREL2 atac normal  -> Rezultat: 
a. SNORLAX HP 62 
b. NEUTREL2 HP 9 
SNORLAX abilitate 2 / NEUTREL2 atac normal  -> Rezultat: 
a. SNORLAX HP 62 (dodge)   abilitatea 2 cooldown 4
b. NEUTREL2 HP 9 
SNORLAX abilitate 1  / NEUTREL2 atac normal  -> Rezultat: 
a. SNORLAX HP 55  abilitatea 1 cooldown 4 abilitatea 2 cooldown 3
b. NEUTREL2 HP 5 
SNORLAX  atac normal  / NEUTREL2 atac normal  -> Rezultat: 
a. SNORLAX HP 48  abilitatea 1 cooldown 3 abilitatea 2 cooldown 2
b. NEUTREL2 HP -6 
POKEMON 1: SNORLAX WON
WINNER : Doomer WON
----****EEVEE VS NEUTREL2****----
EEVEE abilitate 1  / NEUTREL2 atac normal  -> Rezultat: 
a. EEVEE HP 48  abilitatea 1 cooldown 2
b. NEUTREL2 HP 15 
EEVEE  atac special  / NEUTREL2 atac normal  -> Rezultat: 
a. EEVEE HP 39  abilitatea 1 cooldown 1
b. NEUTREL2 HP 5 
EEVEE  atac special  / NEUTREL2 atac normal  -> Rezultat: 
a. EEVEE HP 31 
b. NEUTREL2 HP -5 
POKEMON 1: EEVEE WON
WINNER : Soyboy WON
----****SNORLAX VS EEVEE****----
SNORLAX abilitate 1  / EEVEE abilitate 1  -> Rezultat: 
a. SNORLAX HP 67  abilitatea 1 cooldown 4
b. EEVEE HP 53  abilitatea 1 cooldown 2
SNORLAX  atac normal  / EEVEE atac special  -> Rezultat: 
a. SNORLAX HP 67  abilitatea 1 cooldown 3
b. EEVEE HP 53  abilitatea 1 cooldown 1
SNORLAX  atac normal  / EEVEE abilitate 2 -> Rezultat: 
a. SNORLAX HP 64  abilitatea 1 cooldown 2
b. EEVEE HP 53  abilitatea 2 cooldown 2
SNORLAX abilitate 2 / EEVEE atac special  -> Rezultat: 
a. SNORLAX HP 64 (dodge)   abilitatea 1 cooldown 1 abilitatea 2 cooldown 4
b. EEVEE HP 53  abilitatea 2 cooldown 2
SNORLAX  atac normal  / EEVEE atac special  -> Rezultat: 
a. SNORLAX HP 64  abilitatea 2 cooldown 3
b. EEVEE HP 52  abilitatea 2 cooldown 1
SNORLAX  atac normal  / EEVEE atac special  -> Rezultat: 
a. SNORLAX HP 62  abilitatea 2 cooldown 2
b. EEVEE HP 52 
SNORLAX  atac normal  / EEVEE abilitate 2 -> Rezultat: 
a. SNORLAX HP 59  abilitatea 2 cooldown 1
b. EEVEE HP 51  abilitatea 2 cooldown 2
SNORLAX  atac normal  / EEVEE atac special  -> Rezultat: 
a. SNORLAX HP 57 
b. EEVEE HP 50  abilitatea 2 cooldown 1
SNORLAX abilitate 2 / EEVEE atac special  -> Rezultat: 
a. SNORLAX HP 57 (dodge)   abilitatea 2 cooldown 4
b. EEVEE HP 50  abilitatea 2 cooldown 1
SNORLAX  atac normal  / EEVEE atac special  -> Rezultat: 
a. SNORLAX HP 55  abilitatea 2 cooldown 3
b. EEVEE HP 50 
SNORLAX abilitate 1  / EEVEE abilitate 2 -> Rezultat: 
a. SNORLAX HP 52  abilitatea 1 cooldown 4 abilitatea 2 cooldown 2
b. EEVEE HP 46  abilitatea 2 cooldown 2
SNORLAX  atac normal  / EEVEE atac special  -> Rezultat: 
a. SNORLAX HP 52  abilitatea 1 cooldown 3 abilitatea 2 cooldown 1
b. EEVEE HP 46  abilitatea 2 cooldown 1
SNORLAX  atac normal  / EEVEE atac special  -> Rezultat: 
a. SNORLAX HP 50  abilitatea 1 cooldown 2
b. EEVEE HP 46 
SNORLAX  atac normal  / EEVEE abilitate 2 -> Rezultat: 
a. SNORLAX HP 47  abilitatea 1 cooldown 1
b. EEVEE HP 46  abilitatea 2 cooldown 2
SNORLAX  atac normal  / EEVEE atac special  -> Rezultat: 
a. SNORLAX HP 47 
b. EEVEE HP 46  abilitatea 2 cooldown 1
SNORLAX abilitate 1  / EEVEE abilitate 1  -> Rezultat: 
a. SNORLAX HP 42  abilitatea 1 cooldown 4
b. EEVEE HP 42  abilitatea 1 cooldown 2
SNORLAX  atac normal  / EEVEE atac special  -> Rezultat: 
a. SNORLAX HP 42  abilitatea 1 cooldown 3
b. EEVEE HP 41  abilitatea 1 cooldown 1
SNORLAX abilitate 2 / EEVEE atac special  -> Rezultat: 
a. SNORLAX HP 42 (dodge)   abilitatea 1 cooldown 2 abilitatea 2 cooldown 4
b. EEVEE HP 41  abilitatea 1 cooldown 1
SNORLAX  atac normal  / EEVEE atac special  -> Rezultat: 
a. SNORLAX HP 40  abilitatea 1 cooldown 1 abilitatea 2 cooldown 3
b. EEVEE HP 41 
SNORLAX  atac normal  / EEVEE abilitate 2 -> Rezultat: 
a. SNORLAX HP 37  abilitatea 2 cooldown 2
b. EEVEE HP 40  abilitatea 2 cooldown 2
SNORLAX abilitate 1  / EEVEE abilitate 1  -> Rezultat: 
a. SNORLAX HP 32  abilitatea 1 cooldown 4 abilitatea 2 cooldown 1
b. EEVEE HP 36  abilitatea 1 cooldown 2 abilitatea 2 cooldown 1
SNORLAX  atac normal  / EEVEE atac special  -> Rezultat: 
a. SNORLAX HP 30  abilitatea 1 cooldown 3
b. EEVEE HP 35  abilitatea 1 cooldown 1
SNORLAX  atac normal  / EEVEE atac special  -> Rezultat: 
a. SNORLAX HP 30  abilitatea 1 cooldown 2
b. EEVEE HP 34 
SNORLAX  atac normal  / EEVEE atac special  -> Rezultat: 
a. SNORLAX HP 30  abilitatea 1 cooldown 1
b. EEVEE HP 34 
SNORLAX  atac normal  / EEVEE abilitate 2 -> Rezultat: 
a. SNORLAX HP 27 
b. EEVEE HP 34  abilitatea 2 cooldown 2
SNORLAX  atac normal  / EEVEE abilitate 1  -> Rezultat: 
a. SNORLAX HP 22 
b. EEVEE HP 34  abilitatea 1 cooldown 2 abilitatea 2 cooldown 1
SNORLAX abilitate 2 / EEVEE atac special  -> Rezultat: 
a. SNORLAX HP 22 (dodge)   abilitatea 2 cooldown 4
b. EEVEE HP 34  abilitatea 1 cooldown 2 abilitatea 2 cooldown 1
SNORLAX abilitate 1  / EEVEE atac special  -> Rezultat: 
a. SNORLAX HP 20  abilitatea 1 cooldown 4 abilitatea 2 cooldown 3
b. EEVEE HP 30  abilitatea 1 cooldown 1
SNORLAX  atac normal  / EEVEE atac special  -> Rezultat: 
a. SNORLAX HP 20  abilitatea 1 cooldown 3 abilitatea 2 cooldown 2
b. EEVEE HP 29 
SNORLAX  atac normal  / EEVEE abilitate 1  -> Rezultat: 
a. SNORLAX HP 15  abilitatea 1 cooldown 2 abilitatea 2 cooldown 1
b. EEVEE HP 28  abilitatea 1 cooldown 2
SNORLAX  atac normal  / EEVEE atac special  -> Rezultat: 
a. SNORLAX HP 15  abilitatea 1 cooldown 1
b. EEVEE HP 28  abilitatea 1 cooldown 1
SNORLAX  atac normal  / EEVEE abilitate 2 -> Rezultat: 
a. SNORLAX HP 12 
b. EEVEE HP 28  abilitatea 2 cooldown 2
SNORLAX abilitate 1  / EEVEE abilitate 1  -> Rezultat: 
a. SNORLAX HP 7  abilitatea 1 cooldown 4
b. EEVEE HP 24  abilitatea 1 cooldown 2 abilitatea 2 cooldown 1
SNORLAX  atac normal  / EEVEE atac special  -> Rezultat: 
a. SNORLAX HP 5  abilitatea 1 cooldown 3
b. EEVEE HP 24  abilitatea 1 cooldown 1
SNORLAX  atac normal  / EEVEE abilitate 2 -> Rezultat: 
a. SNORLAX HP 2  abilitatea 1 cooldown 2
b. EEVEE HP 24  abilitatea 2 cooldown 2
SNORLAX  atac normal  / EEVEE atac special  -> Rezultat: 
a. SNORLAX HP 2  abilitatea 1 cooldown 1
b. EEVEE HP 23  abilitatea 2 cooldown 1
SNORLAX abilitate 2 / EEVEE atac special  -> Rezultat: 
a. SNORLAX HP 2 (dodge)   abilitatea 2 cooldown 4
b. EEVEE HP 23  abilitatea 2 cooldown 1
SNORLAX  atac normal  / EEVEE atac special  -> Rezultat: 
a. SNORLAX HP 2  abilitatea 2 cooldown 3
b. EEVEE HP 23 
SNORLAX  atac normal  / EEVEE atac special  -> Rezultat: 
a. SNORLAX HP 0  abilitatea 2 cooldown 2
b. EEVEE HP 22 
POKEMON 2: EEVEE WON
WINNER : Soyboy WON
----****VULPIX VS NEUTREL1****----
VULPIX abilitate 1  / NEUTREL1 atac normal  -> Rezultat: 
a. VULPIX HP 37  abilitatea 1 cooldown 5
b. NEUTREL1 HP 2 
VULPIX  atac normal  / NEUTREL1 atac normal  -> Rezultat: 
a. VULPIX HP 36  abilitatea 1 cooldown 4
b. NEUTREL1 HP -7 
POKEMON 1: VULPIX WON
WINNER : Doomer WON
----****PIKACHU VS NEUTREL1****----
PIKACHU  atac special  / NEUTREL1 atac normal  -> Rezultat: 
a. PIKACHU HP 30 
b. NEUTREL1 HP 7 
PIKACHU abilitate 1  / NEUTREL1 atac normal  -> Rezultat: 
a. PIKACHU HP 25  abilitatea 1 cooldown 3
b. NEUTREL1 HP 1 
PIKACHU  atac special  / NEUTREL1 atac normal  -> Rezultat: 
a. PIKACHU HP 20  abilitatea 1 cooldown 2
b. NEUTREL1 HP -2 
POKEMON 1: PIKACHU WON
WINNER : Soyboy WON
----****VULPIX VS NEUTREL1****----
VULPIX abilitate 2 / NEUTREL1 atac normal  -> Rezultat: 
a. VULPIX HP 39 (dodge)   abilitatea 2 cooldown 6
b. NEUTREL1 HP 8 
VULPIX  atac normal  / NEUTREL1 atac normal  -> Rezultat: 
a. VULPIX HP 39  abilitatea 2 cooldown 5
b. NEUTREL1 HP -2 
POKEMON 1: VULPIX WON
WINNER : Doomer WON
----****PIKACHU VS NEUTREL1****----
PIKACHU  atac special  / NEUTREL1 atac normal  -> Rezultat: 
a. PIKACHU HP 30 
b. NEUTREL1 HP 6 
PIKACHU abilitate 1  / NEUTREL1 atac normal  -> Rezultat: 
a. PIKACHU HP 27  abilitatea 1 cooldown 3
b. NEUTREL1 HP 0 
POKEMON 1: PIKACHU WON
WINNER : Soyboy WON
----****VULPIX VS PIKACHU****----
VULPIX abilitate 1  / PIKACHU abilitate 2 -> Rezultat: 
a. VULPIX HP 36  abilitatea 1 cooldown 5
b. PIKACHU HP 29  abilitatea 2 cooldown 4
VULPIX  atac normal  / PIKACHU atac special  -> Rezultat: 
a. VULPIX HP 34  abilitatea 1 cooldown 5
b. PIKACHU HP 29 (dodge)   abilitatea 2 cooldown 3
VULPIX  atac normal  / PIKACHU abilitate 1  -> Rezultat: 
a. VULPIX HP 28  abilitatea 1 cooldown 4
b. PIKACHU HP 27  abilitatea 1 cooldown 3 abilitatea 2 cooldown 2
VULPIX  atac normal  / PIKACHU atac special  -> Rezultat: 
a. VULPIX HP 26  abilitatea 1 cooldown 3
b. PIKACHU HP 25  abilitatea 1 cooldown 2 abilitatea 2 cooldown 1
VULPIX  atac normal  / PIKACHU atac special  -> Rezultat: 
a. VULPIX HP 24  abilitatea 1 cooldown 2
b. PIKACHU HP 23  abilitatea 1 cooldown 1
VULPIX  atac normal  / PIKACHU abilitate 2 -> Rezultat: 
a. VULPIX HP 20  abilitatea 1 cooldown 1
b. PIKACHU HP 21  abilitatea 2 cooldown 4
VULPIX  atac normal  / PIKACHU atac special  -> Rezultat: 
a. VULPIX HP 20  abilitatea 1 cooldown 1
b. PIKACHU HP 21 (dodge)   abilitatea 2 cooldown 3
VULPIX  atac normal  / PIKACHU abilitate 1  -> Rezultat: 
a. VULPIX HP 14 
b. PIKACHU HP 16  abilitatea 1 cooldown 3 abilitatea 2 cooldown 2
VULPIX abilitate 1  / PIKACHU atac special  -> Rezultat: 
a. VULPIX HP 12  abilitatea 1 cooldown 5
b. PIKACHU HP 8  abilitatea 1 cooldown 2 abilitatea 2 cooldown 1
VULPIX  atac normal  / PIKACHU atac special  -> Rezultat: 
a. VULPIX HP 10  abilitatea 1 cooldown 4
b. PIKACHU HP 6  abilitatea 1 cooldown 1
VULPIX abilitate 2 / PIKACHU atac special  -> Rezultat: 
a. VULPIX HP 10 (dodge)   abilitatea 1 cooldown 3 abilitatea 2 cooldown 6
b. PIKACHU HP 4  abilitatea 1 cooldown 1
VULPIX  atac normal  / PIKACHU atac special  -> Rezultat: 
a. VULPIX HP 10  abilitatea 1 cooldown 2 abilitatea 2 cooldown 5
b. PIKACHU HP -1 
POKEMON 1: VULPIX WON
WINNER : Doomer WON
----****BULBASAUR VS NEUTREL1****----
BULBASAUR abilitate 2 / NEUTREL1 atac normal  -> Rezultat: 
a. BULBASAUR HP 42 (dodge)   abilitatea 2 cooldown 2
b. NEUTREL1 HP 5 
BULBASAUR  atac special  / NEUTREL1 atac normal  -> Rezultat: 
a. BULBASAUR HP 41  abilitatea 2 cooldown 1
b. NEUTREL1 HP -2 
POKEMON 1: BULBASAUR WON
WINNER : Doomer WON
----****MEOWTH VS NEUTREL1****----
MEOWTH abilitate 2 / NEUTREL1 atac normal  -> Rezultat: 
a. MEOWTH HP 51 (dodge)   abilitatea 2 cooldown 2
b. NEUTREL1 HP 9 
MEOWTH abilitate 1  / NEUTREL1 atac normal  -> Rezultat: 
a. MEOWTH HP 51 (dodge)   abilitatea 1 cooldown 3 abilitatea 2 cooldown 1
b. NEUTREL1 HP 4 
MEOWTH  atac normal  / NEUTREL1 atac normal  -> Rezultat: 
a. MEOWTH HP 49  abilitatea 1 cooldown 2
b. NEUTREL1 HP -1 
POKEMON 1: MEOWTH WON
WINNER : Soyboy WON
----****BULBASAUR VS NEUTREL1****----
BULBASAUR  atac special  / NEUTREL1 atac normal  -> Rezultat: 
a. BULBASAUR HP 42 
b. NEUTREL1 HP 2 
BULBASAUR  atac special  / NEUTREL1 atac normal  -> Rezultat: 
a. BULBASAUR HP 40 
b. NEUTREL1 HP -6 
POKEMON 1: BULBASAUR WON
WINNER : Doomer WON
----****MEOWTH VS NEUTREL1****----
MEOWTH abilitate 1  / NEUTREL1 atac normal  -> Rezultat: 
a. MEOWTH HP 52 (dodge)   abilitatea 1 cooldown 3
b. NEUTREL1 HP 5 
MEOWTH  atac normal  / NEUTREL1 atac normal  -> Rezultat: 
a. MEOWTH HP 49  abilitatea 1 cooldown 2
b. NEUTREL1 HP -1 
POKEMON 1: MEOWTH WON
WINNER : Soyboy WON
----****BULBASAUR VS NEUTREL2****----
BULBASAUR abilitate 1  / NEUTREL2 atac normal  -> Rezultat: 
a. BULBASAUR HP 43  abilitatea 1 cooldown 3
b. NEUTREL2 HP 14 
BULBASAUR  atac special  / NEUTREL2 atac normal  -> Rezultat: 
a. BULBASAUR HP 41  abilitatea 1 cooldown 2
b. NEUTREL2 HP 5 
BULBASAUR  atac special  / NEUTREL2 atac normal  -> Rezultat: 
a. BULBASAUR HP 40  abilitatea 1 cooldown 1
b. NEUTREL2 HP -4 
POKEMON 1: BULBASAUR WON
WINNER : Doomer WON
----****MEOWTH VS NEUTREL2****----
MEOWTH abilitate 2 / NEUTREL2 atac normal  -> Rezultat: 
a. MEOWTH HP 53 (dodge)   abilitatea 2 cooldown 2
b. NEUTREL2 HP 19 
MEOWTH abilitate 1  / NEUTREL2 atac normal  -> Rezultat: 
a. MEOWTH HP 53 (dodge)   abilitatea 1 cooldown 3 abilitatea 2 cooldown 1
b. NEUTREL2 HP 14 
MEOWTH  atac normal  / NEUTREL2 atac normal  -> Rezultat: 
a. MEOWTH HP 53  abilitatea 1 cooldown 2
b. NEUTREL2 HP 7 
MEOWTH  atac normal  / NEUTREL2 atac normal  -> Rezultat: 
a. MEOWTH HP 50  abilitatea 1 cooldown 1
b. NEUTREL2 HP 0 
POKEMON 1: MEOWTH WON
WINNER : Soyboy WON
----****BULBASAUR VS NEUTREL1****----
BULBASAUR abilitate 1  / NEUTREL1 atac normal  -> Rezultat: 
a. BULBASAUR HP 42  abilitatea 1 cooldown 3
b. NEUTREL1 HP 4 
BULBASAUR  atac special  / NEUTREL1 atac normal  -> Rezultat: 
a. BULBASAUR HP 39  abilitatea 1 cooldown 2
b. NEUTREL1 HP -6 
POKEMON 1: BULBASAUR WON
WINNER : Doomer WON
----****MEOWTH VS NEUTREL1****----
MEOWTH abilitate 2 / NEUTREL1 atac normal  -> Rezultat: 
a. MEOWTH HP 54 (dodge)   abilitatea 2 cooldown 2
b. NEUTREL1 HP 9 
MEOWTH  atac normal  / NEUTREL1 atac normal  -> Rezultat: 
a. MEOWTH HP 49  abilitatea 2 cooldown 1
b. NEUTREL1 HP 1 
MEOWTH  atac normal  / NEUTREL1 atac normal  -> Rezultat: 
a. MEOWTH HP 47 
b. NEUTREL1 HP -7 
POKEMON 1: MEOWTH WON
WINNER : Soyboy WON
----****BULBASAUR VS MEOWTH****----
BULBASAUR abilitate 2 / MEOWTH abilitate 1  -> Rezultat: 
a. BULBASAUR HP 41  abilitatea 2 cooldown 2
b. MEOWTH HP 50  abilitatea 1 cooldown 3
BULBASAUR  atac special  / MEOWTH atac normal  -> Rezultat: 
a. BULBASAUR HP 41 (dodge)   abilitatea 2 cooldown 2
b. MEOWTH HP 50 (dodge)   abilitatea 1 cooldown 3
BULBASAUR abilitate 1  / MEOWTH abilitate 2 -> Rezultat: 
a. BULBASAUR HP 40  abilitatea 1 cooldown 3 abilitatea 2 cooldown 1
b. MEOWTH HP 44  abilitatea 1 cooldown 2 abilitatea 2 cooldown 2
BULBASAUR  atac special  / MEOWTH atac normal  -> Rezultat: 
a. BULBASAUR HP 37  abilitatea 1 cooldown 2
b. MEOWTH HP 38 (dodge)   abilitatea 1 cooldown 1 abilitatea 2 cooldown 1
BULBASAUR abilitate 2 / MEOWTH atac normal  -> Rezultat: 
a. BULBASAUR HP 37 (dodge)   abilitatea 1 cooldown 1 abilitatea 2 cooldown 2
b. MEOWTH HP 33  abilitatea 1 cooldown 1 abilitatea 2 cooldown 1
BULBASAUR  atac special  / MEOWTH atac normal  -> Rezultat: 
a. BULBASAUR HP 35  abilitatea 2 cooldown 1
b. MEOWTH HP 30 
BULBASAUR abilitate 1  / MEOWTH atac normal  -> Rezultat: 
a. BULBASAUR HP 33  abilitatea 1 cooldown 3
b. MEOWTH HP 24 
BULBASAUR abilitate 2 / MEOWTH abilitate 2 -> Rezultat: 
a. BULBASAUR HP 32  abilitatea 1 cooldown 2 abilitatea 2 cooldown 2
b. MEOWTH HP 19  abilitatea 2 cooldown 2
BULBASAUR  atac special  / MEOWTH atac normal  -> Rezultat: 
a. BULBASAUR HP 30 (dodge)   abilitatea 1 cooldown 2 abilitatea 2 cooldown 2
b. MEOWTH HP 19 (dodge)   abilitatea 2 cooldown 1
BULBASAUR  atac special  / MEOWTH atac normal  -> Rezultat: 
a. BULBASAUR HP 27  abilitatea 1 cooldown 1 abilitatea 2 cooldown 1
b. MEOWTH HP 13 
BULBASAUR  atac special  / MEOWTH atac normal  -> Rezultat: 
a. BULBASAUR HP 25 
b. MEOWTH HP 7 
BULBASAUR  atac special  / MEOWTH abilitate 2 -> Rezultat: 
a. BULBASAUR HP 24 
b. MEOWTH HP 4  abilitatea 2 cooldown 2
BULBASAUR  atac special  / MEOWTH atac normal  -> Rezultat: 
a. BULBASAUR HP 22 
b. MEOWTH HP 1 (dodge)   abilitatea 2 cooldown 1
BULBASAUR abilitate 1  / MEOWTH atac normal  -> Rezultat: 
a. BULBASAUR HP 20  abilitatea 1 cooldown 3
b. MEOWTH HP -5 
POKEMON 1: BULBASAUR WON
WINNER : Doomer WON
