----****VULPIX VS NEUTREL2****----
VULPIX abilitate 2 / NEUTREL2 atac normal  -> Rezultat: 
a. VULPIX HP 36 (dodge)   abilitatea 2 cooldown 6
b. NEUTREL2 HP 18 
VULPIX  atac normal  / NEUTREL2 atac normal  -> Rezultat: 
a. VULPIX HP 36  abilitatea 2 cooldown 5
b. NEUTREL2 HP 14 
VULPIX abilitate 1  / NEUTREL2 atac normal  -> Rezultat: 
a. VULPIX HP 36  abilitatea 1 cooldown 5 abilitatea 2 cooldown 4
b. NEUTREL2 HP 6 
VULPIX  atac normal  / NEUTREL2 atac normal  -> Rezultat: 
a. VULPIX HP 36  abilitatea 1 cooldown 4 abilitatea 2 cooldown 3
b. NEUTREL2 HP 2 
VULPIX  atac normal  / NEUTREL2 atac normal  -> Rezultat: 
a. VULPIX HP 36  abilitatea 1 cooldown 3 abilitatea 2 cooldown 2
b. NEUTREL2 HP -2 
POKEMON 1: VULPIX WON
WINNER : Harry WON
----****VULPIX VS NEUTREL2****----
VULPIX abilitate 2 / NEUTREL2 atac normal  -> Rezultat: 
a. VULPIX HP 36 (dodge)   abilitatea 2 cooldown 6
b. NEUTREL2 HP 18 
VULPIX  atac normal  / NEUTREL2 atac normal  -> Rezultat: 
a. VULPIX HP 36  abilitatea 2 cooldown 5
b. NEUTREL2 HP 14 
VULPIX  atac normal  / NEUTREL2 atac normal  -> Rezultat: 
a. VULPIX HP 36  abilitatea 2 cooldown 4
b. NEUTREL2 HP 10 
VULPIX abilitate 1  / NEUTREL2 atac normal  -> Rezultat: 
a. VULPIX HP 36  abilitatea 1 cooldown 5 abilitatea 2 cooldown 3
b. NEUTREL2 HP 2 
VULPIX  atac normal  / NEUTREL2 atac normal  -> Rezultat: 
a. VULPIX HP 36  abilitatea 1 cooldown 4 abilitatea 2 cooldown 2
b. NEUTREL2 HP -2 
POKEMON 1: VULPIX WON
WINNER : Voldemort WON
----****VULPIX VS NEUTREL1****----
VULPIX  atac normal  / NEUTREL1 atac normal  -> Rezultat: 
a. VULPIX HP 35 
b. NEUTREL1 HP 5 
VULPIX  atac normal  / NEUTREL1 atac normal  -> Rezultat: 
a. VULPIX HP 33 
b. NEUTREL1 HP 0 
POKEMON 1: VULPIX WON
WINNER : Harry WON
----****VULPIX VS NEUTREL1****----
VULPIX abilitate 2 / NEUTREL1 atac normal  -> Rezultat: 
a. VULPIX HP 37 (dodge)   abilitatea 2 cooldown 6
b. NEUTREL1 HP 8 
VULPIX abilitate 1  / NEUTREL1 atac normal  -> Rezultat: 
a. VULPIX HP 35  abilitatea 1 cooldown 5 abilitatea 2 cooldown 5
b. NEUTREL1 HP 0 
POKEMON 1: VULPIX WON
WINNER : Voldemort WON
----****VULPIX VS NEUTREL2****----
VULPIX abilitate 1  / NEUTREL2 atac normal  -> Rezultat: 
a. VULPIX HP 36  abilitatea 1 cooldown 5
b. NEUTREL2 HP 12 
VULPIX abilitate 2 / NEUTREL2 atac normal  -> Rezultat: 
a. VULPIX HP 36 (dodge)   abilitatea 1 cooldown 4 abilitatea 2 cooldown 6
b. NEUTREL2 HP 10 
VULPIX  atac normal  / NEUTREL2 atac normal  -> Rezultat: 
a. VULPIX HP 34  abilitatea 1 cooldown 3 abilitatea 2 cooldown 5
b. NEUTREL2 HP 4 
VULPIX  atac normal  / NEUTREL2 atac normal  -> Rezultat: 
a. VULPIX HP 32  abilitatea 1 cooldown 2 abilitatea 2 cooldown 4
b. NEUTREL2 HP -2 
POKEMON 1: VULPIX WON
WINNER : Harry WON
----****VULPIX VS NEUTREL2****----
VULPIX abilitate 1  / NEUTREL2 atac normal  -> Rezultat: 
a. VULPIX HP 36  abilitatea 1 cooldown 5
b. NEUTREL2 HP 12 
VULPIX  atac normal  / NEUTREL2 atac normal  -> Rezultat: 
a. VULPIX HP 34  abilitatea 1 cooldown 4
b. NEUTREL2 HP 6 
VULPIX abilitate 2 / NEUTREL2 atac normal  -> Rezultat: 
a. VULPIX HP 34 (dodge)   abilitatea 1 cooldown 3 abilitatea 2 cooldown 6
b. NEUTREL2 HP 4 
VULPIX  atac normal  / NEUTREL2 atac normal  -> Rezultat: 
a. VULPIX HP 32  abilitatea 1 cooldown 2 abilitatea 2 cooldown 5
b. NEUTREL2 HP -2 
POKEMON 1: VULPIX WON
WINNER : Voldemort WON
----****VULPIX VS VULPIX****----
VULPIX abilitate 2 / VULPIX atac normal  -> Rezultat: 
a. VULPIX HP 39 (dodge)   abilitatea 2 cooldown 6
b. VULPIX HP 37 
VULPIX  atac normal  / VULPIX abilitate 2 -> Rezultat: 
a. VULPIX HP 37  abilitatea 2 cooldown 5
b. VULPIX HP 36  abilitatea 2 cooldown 6
VULPIX  atac normal  / VULPIX atac normal  -> Rezultat: 
a. VULPIX HP 36  abilitatea 2 cooldown 5
b. VULPIX HP 36 (dodge)   abilitatea 2 cooldown 5
VULPIX  atac normal  / VULPIX atac normal  -> Rezultat: 
a. VULPIX HP 35  abilitatea 2 cooldown 4
b. VULPIX HP 35  abilitatea 2 cooldown 4
VULPIX abilitate 1  / VULPIX abilitate 1  -> Rezultat: 
a. VULPIX HP 27  abilitatea 1 cooldown 5 abilitatea 2 cooldown 3
b. VULPIX HP 27  abilitatea 1 cooldown 5 abilitatea 2 cooldown 3
VULPIX  atac normal  / VULPIX atac normal  -> Rezultat: 
a. VULPIX HP 26  abilitatea 1 cooldown 4 abilitatea 2 cooldown 2
b. VULPIX HP 26  abilitatea 1 cooldown 4 abilitatea 2 cooldown 2
VULPIX  atac normal  / VULPIX atac normal  -> Rezultat: 
a. VULPIX HP 25  abilitatea 1 cooldown 3 abilitatea 2 cooldown 1
b. VULPIX HP 25  abilitatea 1 cooldown 3 abilitatea 2 cooldown 1
VULPIX  atac normal  / VULPIX atac normal  -> Rezultat: 
a. VULPIX HP 24  abilitatea 1 cooldown 2
b. VULPIX HP 24  abilitatea 1 cooldown 2
VULPIX  atac normal  / VULPIX atac normal  -> Rezultat: 
a. VULPIX HP 23  abilitatea 1 cooldown 1
b. VULPIX HP 23  abilitatea 1 cooldown 1
VULPIX abilitate 2 / VULPIX abilitate 2 -> Rezultat: 
a. VULPIX HP 21  abilitatea 2 cooldown 6
b. VULPIX HP 21  abilitatea 2 cooldown 6
VULPIX  atac normal  / VULPIX atac normal  -> Rezultat: 
a. VULPIX HP 20 (dodge)   abilitatea 2 cooldown 5
b. VULPIX HP 20 (dodge)   abilitatea 2 cooldown 5
VULPIX abilitate 1  / VULPIX abilitate 1  -> Rezultat: 
a. VULPIX HP 12  abilitatea 1 cooldown 5 abilitatea 2 cooldown 4
b. VULPIX HP 12  abilitatea 1 cooldown 5 abilitatea 2 cooldown 4
VULPIX  atac normal  / VULPIX atac normal  -> Rezultat: 
a. VULPIX HP 11  abilitatea 1 cooldown 4 abilitatea 2 cooldown 3
b. VULPIX HP 11  abilitatea 1 cooldown 4 abilitatea 2 cooldown 3
VULPIX  atac normal  / VULPIX atac normal  -> Rezultat: 
a. VULPIX HP 10  abilitatea 1 cooldown 3 abilitatea 2 cooldown 2
b. VULPIX HP 10  abilitatea 1 cooldown 3 abilitatea 2 cooldown 2
VULPIX  atac normal  / VULPIX atac normal  -> Rezultat: 
a. VULPIX HP 9  abilitatea 1 cooldown 2 abilitatea 2 cooldown 1
b. VULPIX HP 9  abilitatea 1 cooldown 2 abilitatea 2 cooldown 1
VULPIX  atac normal  / VULPIX atac normal  -> Rezultat: 
a. VULPIX HP 8  abilitatea 1 cooldown 1
b. VULPIX HP 8  abilitatea 1 cooldown 1
VULPIX  atac normal  / VULPIX atac normal  -> Rezultat: 
a. VULPIX HP 7 
b. VULPIX HP 7 
VULPIX  atac normal  / VULPIX atac normal  -> Rezultat: 
a. VULPIX HP 6 
b. VULPIX HP 6 
VULPIX abilitate 1  / VULPIX abilitate 2 -> Rezultat: 
a. VULPIX HP 4  abilitatea 1 cooldown 5
b. VULPIX HP -2  abilitatea 2 cooldown 6
POKEMON 1: VULPIX WON
WINNER : Harry WON
----****PIKACHU VS NEUTREL1****----
PIKACHU abilitate 2 / NEUTREL1 atac normal  -> Rezultat: 
a. PIKACHU HP 35 (dodge)   abilitatea 2 cooldown 4
b. NEUTREL1 HP 6 
PIKACHU abilitate 1  / NEUTREL1 atac normal  -> Rezultat: 
a. PIKACHU HP 34  abilitatea 1 cooldown 3 abilitatea 2 cooldown 3
b. NEUTREL1 HP 0 
POKEMON 1: PIKACHU WON
WINNER : Harry WON
----****EEVEE VS NEUTREL1****----
EEVEE abilitate 1  / NEUTREL1 atac normal  -> Rezultat: 
a. EEVEE HP 37  abilitatea 1 cooldown 2
b. NEUTREL1 HP 5 
EEVEE  atac special  / NEUTREL1 atac normal  -> Rezultat: 
a. EEVEE HP 35  abilitatea 1 cooldown 1
b. NEUTREL1 HP -1 
POKEMON 1: EEVEE WON
WINNER : Voldemort WON
----****PIKACHU VS NEUTREL1****----
PIKACHU abilitate 2 / NEUTREL1 atac normal  -> Rezultat: 
a. PIKACHU HP 36 (dodge)   abilitatea 2 cooldown 4
b. NEUTREL1 HP 6 
PIKACHU abilitate 1  / NEUTREL1 atac normal  -> Rezultat: 
a. PIKACHU HP 34  abilitatea 1 cooldown 3 abilitatea 2 cooldown 3
b. NEUTREL1 HP 0 
POKEMON 1: PIKACHU WON
WINNER : Harry WON
----****EEVEE VS NEUTREL1****----
EEVEE  atac special  / NEUTREL1 atac normal  -> Rezultat: 
a. EEVEE HP 37 
b. NEUTREL1 HP 3 
EEVEE abilitate 2 / NEUTREL1 atac normal  -> Rezultat: 
a. EEVEE HP 34  abilitatea 2 cooldown 2
b. NEUTREL1 HP 0 
POKEMON 1: EEVEE WON
WINNER : Voldemort WON
----****PIKACHU VS NEUTREL2****----
PIKACHU  atac special  / NEUTREL2 atac normal  -> Rezultat: 
a. PIKACHU HP 35 
b. NEUTREL2 HP 12 
PIKACHU  atac special  / NEUTREL2 atac normal  -> Rezultat: 
a. PIKACHU HP 32 
b. NEUTREL2 HP 4 
PIKACHU  atac special  / NEUTREL2 atac normal  -> Rezultat: 
a. PIKACHU HP 30 
b. NEUTREL2 HP -4 
POKEMON 1: PIKACHU WON
WINNER : Harry WON
----****EEVEE VS NEUTREL2****----
EEVEE abilitate 2 / NEUTREL2 atac normal  -> Rezultat: 
a. EEVEE HP 38  abilitatea 2 cooldown 2
b. NEUTREL2 HP 17 
EEVEE  atac special  / NEUTREL2 atac normal  -> Rezultat: 
a. EEVEE HP 35  abilitatea 2 cooldown 1
b. NEUTREL2 HP 9 
EEVEE  atac special  / NEUTREL2 atac normal  -> Rezultat: 
a. EEVEE HP 32 
b. NEUTREL2 HP 1 
EEVEE abilitate 2 / NEUTREL2 atac normal  -> Rezultat: 
a. EEVEE HP 29  abilitatea 2 cooldown 2
b. NEUTREL2 HP -2 
POKEMON 1: EEVEE WON
WINNER : Voldemort WON
----****PIKACHU VS EEVEE****----
PIKACHU abilitate 1  / EEVEE abilitate 2 -> Rezultat: 
a. PIKACHU HP 35  abilitatea 1 cooldown 3
b. EEVEE HP 36  abilitatea 2 cooldown 2
PIKACHU  atac special  / EEVEE atac special  -> Rezultat: 
a. PIKACHU HP 32  abilitatea 1 cooldown 2
b. EEVEE HP 34  abilitatea 2 cooldown 1
PIKACHU  atac special  / EEVEE abilitate 1  -> Rezultat: 
a. PIKACHU HP 27  abilitatea 1 cooldown 1
b. EEVEE HP 32  abilitatea 1 cooldown 2
PIKACHU abilitate 2 / EEVEE atac special  -> Rezultat: 
a. PIKACHU HP 27 (dodge)   abilitatea 2 cooldown 4
b. EEVEE HP 28  abilitatea 1 cooldown 2
PIKACHU abilitate 1  / EEVEE atac special  -> Rezultat: 
a. PIKACHU HP 24  abilitatea 1 cooldown 3 abilitatea 2 cooldown 3
b. EEVEE HP 22  abilitatea 1 cooldown 1
PIKACHU  atac special  / EEVEE atac special  -> Rezultat: 
a. PIKACHU HP 22  abilitatea 1 cooldown 2 abilitatea 2 cooldown 2
b. EEVEE HP 20 
PIKACHU  atac special  / EEVEE atac special  -> Rezultat: 
a. PIKACHU HP 19  abilitatea 1 cooldown 1 abilitatea 2 cooldown 1
b. EEVEE HP 18 
PIKACHU  atac special  / EEVEE abilitate 2 -> Rezultat: 
a. PIKACHU HP 16 
b. EEVEE HP 16  abilitatea 2 cooldown 2
PIKACHU abilitate 1  / EEVEE atac special  -> Rezultat: 
a. PIKACHU HP 13  abilitatea 1 cooldown 3
b. EEVEE HP 10  abilitatea 2 cooldown 1
PIKACHU  atac special  / EEVEE atac special  -> Rezultat: 
a. PIKACHU HP 11  abilitatea 1 cooldown 2
b. EEVEE HP 8 
PIKACHU  atac special  / EEVEE abilitate 2 -> Rezultat: 
a. PIKACHU HP 8  abilitatea 1 cooldown 1
b. EEVEE HP 6  abilitatea 2 cooldown 2
PIKACHU abilitate 2 / EEVEE atac special  -> Rezultat: 
a. PIKACHU HP 8 (dodge)   abilitatea 2 cooldown 4
b. EEVEE HP 2  abilitatea 2 cooldown 2
PIKACHU  atac special  / EEVEE abilitate 1  -> Rezultat: 
a. PIKACHU HP 3  abilitatea 2 cooldown 3
b. EEVEE HP 0  abilitatea 1 cooldown 2 abilitatea 2 cooldown 1
POKEMON 1: PIKACHU WON
WINNER : Harry WON
----****EEVEE VS NEUTREL2****----
EEVEE  atac special  / NEUTREL2 atac normal  -> Rezultat: 
a. EEVEE HP 38 
b. NEUTREL2 HP 14 
EEVEE  atac special  / NEUTREL2 atac normal  -> Rezultat: 
a. EEVEE HP 37 
b. NEUTREL2 HP 8 
EEVEE abilitate 2 / NEUTREL2 atac normal  -> Rezultat: 
a. EEVEE HP 36  abilitatea 2 cooldown 2
b. NEUTREL2 HP 5 
EEVEE  atac special  / NEUTREL2 atac normal  -> Rezultat: 
a. EEVEE HP 35  abilitatea 2 cooldown 1
b. NEUTREL2 HP -1 
POKEMON 1: EEVEE WON
WINNER : Harry WON
----****PSYDUCK VS NEUTREL2****----
PSYDUCK abilitate 2 / NEUTREL2 atac normal  -> Rezultat: 
a. PSYDUCK HP 42  abilitatea 2 cooldown 4
b. NEUTREL2 HP 18 
PSYDUCK  atac normal  / NEUTREL2 atac normal  -> Rezultat: 
a. PSYDUCK HP 41  abilitatea 2 cooldown 3
b. NEUTREL2 HP 16 
PSYDUCK  atac normal  / NEUTREL2 atac normal  -> Rezultat: 
a. PSYDUCK HP 40  abilitatea 2 cooldown 2
b. NEUTREL2 HP 14 
PSYDUCK  atac normal  / NEUTREL2 atac normal  -> Rezultat: 
a. PSYDUCK HP 39  abilitatea 2 cooldown 1
b. NEUTREL2 HP 12 
PSYDUCK abilitate 1  / NEUTREL2 atac normal  -> Rezultat: 
a. PSYDUCK HP 39 (dodge)   abilitatea 1 cooldown 3
b. NEUTREL2 HP 10 
PSYDUCK  atac normal  / NEUTREL2 atac normal  -> Rezultat: 
a. PSYDUCK HP 38  abilitatea 1 cooldown 2
b. NEUTREL2 HP 8 
PSYDUCK abilitate 2 / NEUTREL2 atac normal  -> Rezultat: 
a. PSYDUCK HP 37  abilitatea 1 cooldown 1 abilitatea 2 cooldown 4
b. NEUTREL2 HP 6 
PSYDUCK  atac normal  / NEUTREL2 atac normal  -> Rezultat: 
a. PSYDUCK HP 36  abilitatea 2 cooldown 3
b. NEUTREL2 HP 4 
PSYDUCK  atac normal  / NEUTREL2 atac normal  -> Rezultat: 
a. PSYDUCK HP 35  abilitatea 2 cooldown 2
b. NEUTREL2 HP 2 
PSYDUCK  atac normal  / NEUTREL2 atac normal  -> Rezultat: 
a. PSYDUCK HP 34  abilitatea 2 cooldown 1
b. NEUTREL2 HP 0 
POKEMON 1: PSYDUCK WON
WINNER : Voldemort WON
----****EEVEE VS NEUTREL2****----
EEVEE  atac special  / NEUTREL2 atac normal  -> Rezultat: 
a. EEVEE HP 38 
b. NEUTREL2 HP 13 
EEVEE abilitate 2 / NEUTREL2 atac normal  -> Rezultat: 
a. EEVEE HP 36  abilitatea 2 cooldown 2
b. NEUTREL2 HP 10 
EEVEE abilitate 1  / NEUTREL2 atac normal  -> Rezultat: 
a. EEVEE HP 34  abilitatea 1 cooldown 2 abilitatea 2 cooldown 1
b. NEUTREL2 HP 5 
EEVEE  atac special  / NEUTREL2 atac normal  -> Rezultat: 
a. EEVEE HP 32  abilitatea 1 cooldown 1
b. NEUTREL2 HP -2 
POKEMON 1: EEVEE WON
WINNER : Harry WON
----****PSYDUCK VS NEUTREL2****----
PSYDUCK abilitate 2 / NEUTREL2 atac normal  -> Rezultat: 
a. PSYDUCK HP 42  abilitatea 2 cooldown 4
b. NEUTREL2 HP 18 
PSYDUCK  atac normal  / NEUTREL2 atac normal  -> Rezultat: 
a. PSYDUCK HP 40  abilitatea 2 cooldown 3
b. NEUTREL2 HP 15 
PSYDUCK  atac normal  / NEUTREL2 atac normal  -> Rezultat: 
a. PSYDUCK HP 40  abilitatea 2 cooldown 2
b. NEUTREL2 HP 12 
PSYDUCK  atac normal  / NEUTREL2 atac normal  -> Rezultat: 
a. PSYDUCK HP 40  abilitatea 2 cooldown 1
b. NEUTREL2 HP 9 
PSYDUCK  atac normal  / NEUTREL2 atac normal  -> Rezultat: 
a. PSYDUCK HP 40 
b. NEUTREL2 HP 6 
PSYDUCK  atac normal  / NEUTREL2 atac normal  -> Rezultat: 
a. PSYDUCK HP 40 
b. NEUTREL2 HP 3 
PSYDUCK  atac normal  / NEUTREL2 atac normal  -> Rezultat: 
a. PSYDUCK HP 38 
b. NEUTREL2 HP 0 
POKEMON 1: PSYDUCK WON
WINNER : Voldemort WON
----****EEVEE VS PSYDUCK****----
EEVEE abilitate 2 / PSYDUCK atac normal  -> Rezultat: 
a. EEVEE HP 39  abilitatea 2 cooldown 2
b. PSYDUCK HP 42 
EEVEE  atac special  / PSYDUCK abilitate 1  -> Rezultat: 
a. EEVEE HP 37  abilitatea 2 cooldown 1
b. PSYDUCK HP 40  abilitatea 1 cooldown 3
EEVEE abilitate 1  / PSYDUCK atac normal  -> Rezultat: 
a. EEVEE HP 35  abilitatea 1 cooldown 2
b. PSYDUCK HP 35  abilitatea 1 cooldown 2
EEVEE abilitate 2 / PSYDUCK abilitate 2 -> Rezultat: 
a. EEVEE HP 33  abilitatea 1 cooldown 1 abilitatea 2 cooldown 2
b. PSYDUCK HP 32  abilitatea 1 cooldown 1 abilitatea 2 cooldown 4
EEVEE  atac special  / PSYDUCK atac normal  -> Rezultat: 
a. EEVEE HP 31  abilitatea 1 cooldown 1 abilitatea 2 cooldown 2
b. PSYDUCK HP 32 (dodge)   abilitatea 2 cooldown 3
EEVEE  atac special  / PSYDUCK abilitate 1  -> Rezultat: 
a. EEVEE HP 29  abilitatea 2 cooldown 1
b. PSYDUCK HP 30  abilitatea 1 cooldown 3 abilitatea 2 cooldown 2
EEVEE  atac special  / PSYDUCK atac normal  -> Rezultat: 
a. EEVEE HP 27 
b. PSYDUCK HP 28 (dodge)   abilitatea 1 cooldown 2 abilitatea 2 cooldown 1
EEVEE abilitate 2 / PSYDUCK atac normal  -> Rezultat: 
a. EEVEE HP 25  abilitatea 2 cooldown 2
b. PSYDUCK HP 25  abilitatea 1 cooldown 1
EEVEE  atac special  / PSYDUCK atac normal  -> Rezultat: 
a. EEVEE HP 23  abilitatea 2 cooldown 1
b. PSYDUCK HP 23 
EEVEE  atac special  / PSYDUCK atac normal  -> Rezultat: 
a. EEVEE HP 21 
b. PSYDUCK HP 21 
EEVEE  atac special  / PSYDUCK abilitate 1  -> Rezultat: 
a. EEVEE HP 19 
b. PSYDUCK HP 17  abilitatea 1 cooldown 3
EEVEE abilitate 2 / PSYDUCK abilitate 2 -> Rezultat: 
a. EEVEE HP 17  abilitatea 2 cooldown 2
b. PSYDUCK HP 14  abilitatea 1 cooldown 2 abilitatea 2 cooldown 4
EEVEE  atac special  / PSYDUCK atac normal  -> Rezultat: 
a. EEVEE HP 15  abilitatea 2 cooldown 2
b. PSYDUCK HP 14 (dodge)   abilitatea 1 cooldown 1 abilitatea 2 cooldown 3
EEVEE  atac special  / PSYDUCK atac normal  -> Rezultat: 
a. EEVEE HP 13  abilitatea 2 cooldown 1
b. PSYDUCK HP 10  abilitatea 2 cooldown 2
EEVEE  atac special  / PSYDUCK abilitate 1  -> Rezultat: 
a. EEVEE HP 11 
b. PSYDUCK HP 6  abilitatea 1 cooldown 3 abilitatea 2 cooldown 1
EEVEE  atac special  / PSYDUCK atac normal  -> Rezultat: 
a. EEVEE HP 9 
b. PSYDUCK HP 2 (dodge)   abilitatea 1 cooldown 2
EEVEE  atac special  / PSYDUCK atac normal  -> Rezultat: 
a. EEVEE HP 7 
b. PSYDUCK HP 0  abilitatea 1 cooldown 1
POKEMON 1: EEVEE WON
WINNER : Harry WON
